2025-09-12 12:19:43,685 - db_helper - INFO - fetch_expense_for_date called with:2024-08-01
2025-09-12 12:19:43,775 - db_helper - INFO - fetch_expense_summary called with start:2024-08-01, end:2024-08-05
2025-09-12 12:22:18,990 - db_helper - INFO - fetch_expense_for_date called with:2024-08-01
2025-09-12 12:22:39,926 - db_helper - INFO - fetch_expense_for_date called with:2024-08-02
2025-09-12 12:22:54,055 - db_helper - INFO - delete_expense_for_date called with:2024-08-28
2025-09-12 12:22:54,106 - db_helper - INFO - insert_expense called with:(datetime.date(2024, 8, 28), 1227.0, 'Rent', 'Monthly rent payment')
2025-09-12 12:22:54,129 - db_helper - INFO - insert_expense called with:(datetime.date(2024, 8, 28), 300.0, 'Food', 'Groceries for the week')
2025-09-12 13:31:35,204 - db_helper - INFO - fetch_expense_for_date called with:2024-08-02
2025-09-12 13:31:44,516 - db_helper - INFO - fetch_expense_for_date called with:2024-08-01
2025-09-12 13:47:34,979 - db_helper - INFO - fetch_expense_for_date called with:2024-08-01
2025-09-12 13:48:39,609 - db_helper - INFO - fetch_expense_for_date called with:2024-08-01
2025-09-12 13:53:18,838 - db_helper - INFO - fetch_expense_for_date called with:2024-08-01
2025-09-12 13:53:30,676 - db_helper - INFO - fetch_expense_for_date called with:2024-08-01
2025-09-12 13:53:32,088 - db_helper - INFO - fetch_expense_for_date called with:2024-08-01
2025-09-12 13:53:45,355 - db_helper - INFO - fetch_expense_for_date called with:2024-08-01
2025-09-12 13:54:13,790 - db_helper - INFO - fetch_expense_for_date called with:2024-08-01
2025-09-12 14:03:12,397 - db_helper - INFO - fetch_expense_for_date called with:2024-08-01
2025-09-12 14:07:08,143 - db_helper - INFO - fetch_expense_for_date called with:2024-08-01
2025-09-12 14:07:45,197 - db_helper - INFO - fetch_expense_for_date called with:2024-08-01
2025-09-12 14:08:35,062 - db_helper - INFO - fetch_expense_for_date called with:2024-08-01
2025-09-12 14:09:00,232 - db_helper - INFO - fetch_expense_for_date called with:2024-08-09
2025-09-12 14:09:08,782 - db_helper - INFO - fetch_expense_for_date called with:2024-08-07
2025-09-12 14:09:26,921 - db_helper - INFO - fetch_expense_for_date called with:2024-08-01
2025-09-12 14:10:21,766 - db_helper - INFO - fetch_expense_for_date called with:2024-08-01
2025-09-12 14:10:30,870 - db_helper - INFO - fetch_expense_for_date called with:2024-08-02
2025-09-12 14:10:41,050 - db_helper - INFO - fetch_expense_for_date called with:2024-08-03
2025-09-12 14:10:48,773 - db_helper - INFO - fetch_expense_for_date called with:2024-08-08
2025-09-12 14:10:57,050 - db_helper - INFO - fetch_expense_for_date called with:2024-08-07
2025-09-12 14:11:01,567 - db_helper - INFO - fetch_expense_for_date called with:2024-08-06
2025-09-12 14:11:32,390 - db_helper - INFO - fetch_expense_for_date called with:2024-08-06
2025-09-12 14:11:38,573 - db_helper - INFO - fetch_expense_for_date called with:2024-08-03
2025-09-12 14:12:47,508 - db_helper - INFO - fetch_expense_for_date called with:2024-08-03
2025-09-12 14:13:40,008 - db_helper - INFO - fetch_expense_for_date called with:2024-08-03
2025-09-12 14:13:45,342 - db_helper - INFO - fetch_expense_for_date called with:2024-08-01
2025-09-12 14:14:23,852 - db_helper - INFO - fetch_expense_for_date called with:2024-08-07
2025-09-12 14:22:08,291 - db_helper - INFO - fetch_expense_for_date called with:2024-08-07
2025-09-12 14:23:27,489 - db_helper - INFO - fetch_expense_for_date called with:2024-08-07
2025-09-12 14:23:29,582 - db_helper - INFO - delete_expense_for_date called with:2024-08-07
2025-09-12 14:23:29,608 - db_helper - INFO - insert_expense called with:(datetime.date(2024, 8, 7), 6500.0, 'Shopping', 'bought makeup')
2025-09-12 14:23:29,680 - db_helper - INFO - insert_expense called with:(datetime.date(2024, 8, 7), 4000.0, 'Shopping', 'bought 2 dresses')
2025-09-12 14:23:29,691 - db_helper - INFO - insert_expense called with:(datetime.date(2024, 8, 7), 3000.0, 'Shopping', 'bought tote bag')
2025-09-12 14:23:29,704 - db_helper - INFO - insert_expense called with:(datetime.date(2024, 8, 7), 1200.0, 'Food', 'Eat Singaporean rice')
2025-09-12 14:23:38,671 - db_helper - INFO - fetch_expense_for_date called with:2024-08-07
2025-09-12 14:23:40,738 - db_helper - INFO - delete_expense_for_date called with:2024-08-07
2025-09-12 14:23:40,763 - db_helper - INFO - insert_expense called with:(datetime.date(2024, 8, 7), 6500.0, 'Shopping', 'bought makeup')
2025-09-12 14:23:40,776 - db_helper - INFO - insert_expense called with:(datetime.date(2024, 8, 7), 4000.0, 'Shopping', 'bought 2 dresses')
2025-09-12 14:23:40,786 - db_helper - INFO - insert_expense called with:(datetime.date(2024, 8, 7), 3000.0, 'Shopping', 'bought tote bag')
2025-09-12 14:23:40,797 - db_helper - INFO - insert_expense called with:(datetime.date(2024, 8, 7), 1200.0, 'Food', 'Eat Singaporean rice')
2025-09-12 14:25:18,759 - db_helper - INFO - fetch_expense_for_date called with:2024-08-07
2025-09-12 14:25:22,394 - db_helper - INFO - fetch_expense_for_date called with:2024-08-07
2025-09-12 14:25:24,505 - db_helper - INFO - delete_expense_for_date called with:2024-08-07
2025-09-12 14:25:24,520 - db_helper - INFO - insert_expense called with:(datetime.date(2024, 8, 7), 6500.0, 'Shopping', 'bought makeup')
2025-09-12 14:25:24,531 - db_helper - INFO - insert_expense called with:(datetime.date(2024, 8, 7), 4000.0, 'Shopping', 'bought 2 dresses')
2025-09-12 14:25:24,542 - db_helper - INFO - insert_expense called with:(datetime.date(2024, 8, 7), 3000.0, 'Shopping', 'bought tote bag')
2025-09-12 14:25:24,553 - db_helper - INFO - insert_expense called with:(datetime.date(2024, 8, 7), 1200.0, 'Food', 'Eat Singaporean rice')
2025-09-12 14:25:56,177 - db_helper - INFO - fetch_expense_for_date called with:2024-08-01
2025-09-12 14:26:03,197 - db_helper - INFO - fetch_expense_for_date called with:2024-08-07
2025-09-12 14:29:32,910 - db_helper - INFO - fetch_expense_for_date called with:2024-08-07
2025-09-12 14:30:28,876 - db_helper - INFO - fetch_expense_for_date called with:2024-08-07
2025-09-12 14:30:54,442 - db_helper - INFO - fetch_expense_for_date called with:2024-08-07
2025-09-12 14:31:06,142 - db_helper - INFO - fetch_expense_for_date called with:2024-08-01
2025-09-12 14:57:57,360 - db_helper - INFO - fetch_expense_summary called with start:2024-08-01, end:2024-08-05
2025-09-12 15:07:15,410 - db_helper - INFO - fetch_expense_summary called with start:2024-08-01, end:2024-08-05
2025-09-12 15:07:53,513 - db_helper - INFO - fetch_expense_for_date called with:2024-08-01
2025-09-12 15:08:59,999 - db_helper - INFO - fetch_expense_summary called with start:2024-08-01, end:2024-08-05
2025-09-12 15:09:39,259 - db_helper - INFO - fetch_expense_summary called with start:2024-08-01, end:2024-08-05
2025-09-12 15:13:00,684 - db_helper - INFO - fetch_expense_summary called with start:2024-08-01, end:2024-08-05
2025-09-12 15:23:44,779 - db_helper - INFO - fetch_expense_for_date called with:2024-08-01
2025-09-12 15:26:55,689 - db_helper - INFO - fetch_expense_for_date called with:2024-08-01
2025-09-12 15:27:01,887 - db_helper - INFO - fetch_expense_for_date called with:2024-08-01
2025-09-12 15:29:30,898 - db_helper - INFO - fetch_expense_summary called with start:2024-08-01, end:2024-08-05
2025-09-12 15:30:32,657 - db_helper - INFO - fetch_expense_summary called with start:2024-08-01, end:2024-08-05
2025-09-12 15:32:00,487 - db_helper - INFO - fetch_expense_summary called with start:2024-08-01, end:2024-08-05
2025-09-12 15:35:12,500 - db_helper - INFO - fetch_expense_summary called with start:2024-08-01, end:2024-08-05
2025-09-12 15:35:29,549 - db_helper - INFO - fetch_expense_summary called with start:2024-08-01, end:2024-08-05
2025-09-12 15:51:45,686 - db_helper - INFO - fetch_expense_for_date called with:2024-08-01
2025-09-12 15:51:54,396 - db_helper - INFO - fetch_expense_for_date called with:2024-08-01
2025-09-12 15:52:39,498 - db_helper - INFO - fetch_expense_for_date called with:2024-08-01
2025-09-12 15:53:52,610 - db_helper - INFO - fetch_expense_for_date called with:2024-08-01
2025-09-12 15:56:00,671 - db_helper - INFO - fetch_expense_for_date called with:2024-08-01
2025-09-12 15:56:13,999 - db_helper - INFO - fetch_expense_for_date called with:2024-08-01
2025-09-12 15:58:17,064 - db_helper - INFO - fetch_expense_for_date called with:2024-08-01
2025-09-12 16:02:30,009 - db_helper - INFO - fetch_expense_for_date called with:2024-08-01
2025-09-12 16:02:33,296 - db_helper - INFO - fetch_expense_for_date called with:2024-08-01
2025-09-12 16:02:35,362 - db_helper - INFO - fetch_expense_summary called with start:2024-08-01, end:2024-08-05
2025-09-12 16:09:05,410 - db_helper - INFO - fetch_expense_for_date called with:2024-08-01
2025-09-12 16:09:08,990 - db_helper - INFO - fetch_expense_for_date called with:2024-08-01
2025-09-12 16:09:11,052 - db_helper - INFO - fetch_expense_summary called with start:2024-08-01, end:2024-08-05
2025-09-12 16:11:47,545 - db_helper - INFO - fetch_expense_for_date called with:2024-08-01
2025-09-12 16:11:51,679 - db_helper - INFO - fetch_expense_for_date called with:2024-08-01
2025-09-12 16:11:53,780 - db_helper - INFO - fetch_expense_summary called with start:2024-08-01, end:2024-08-05
2025-09-12 16:16:03,388 - db_helper - INFO - fetch_expense_for_date called with:2024-08-01
2025-09-12 16:16:07,106 - db_helper - INFO - fetch_expense_for_date called with:2024-08-01
2025-09-12 16:16:09,173 - db_helper - INFO - fetch_expense_summary called with start:2024-08-01, end:2024-08-05
2025-09-12 16:17:02,165 - db_helper - INFO - fetch_expense_for_date called with:2024-08-01
2025-09-12 16:17:05,752 - db_helper - INFO - fetch_expense_for_date called with:2024-08-01
2025-09-12 16:17:07,814 - db_helper - INFO - fetch_expense_summary called with start:2024-08-01, end:2024-08-05
2025-09-12 16:19:25,554 - db_helper - INFO - fetch_expense_for_date called with:2024-08-01
2025-09-12 16:19:28,915 - db_helper - INFO - fetch_expense_for_date called with:2024-08-01
2025-09-12 16:19:30,999 - db_helper - INFO - fetch_expense_summary called with start:2024-08-01, end:2024-08-05
2025-09-12 16:21:22,135 - db_helper - INFO - fetch_expense_for_date called with:2024-08-01
2025-09-12 16:21:26,341 - db_helper - INFO - fetch_expense_for_date called with:2024-08-01
2025-09-12 16:21:28,438 - db_helper - INFO - fetch_expense_summary called with start:2024-08-01, end:2024-08-05
2025-09-12 16:23:25,219 - db_helper - INFO - fetch_expense_for_date called with:2024-08-01
2025-09-12 16:23:28,518 - db_helper - INFO - fetch_expense_for_date called with:2024-08-01
2025-09-12 16:23:30,586 - db_helper - INFO - fetch_expense_summary called with start:2024-08-01, end:2024-08-05
2025-09-12 16:23:45,491 - db_helper - INFO - fetch_expense_for_date called with:2024-08-02
2025-09-12 16:23:51,613 - db_helper - INFO - fetch_expense_for_date called with:2024-08-07
2025-09-12 17:12:10,185 - db_helper - INFO - fetch_expense_for_date called with:2024-08-01
2025-09-12 17:12:18,336 - db_helper - INFO - fetch_expense_for_date called with:2024-08-01
2025-09-12 17:12:20,464 - db_helper - INFO - fetch_expense_summary called with start:2024-08-01, end:2024-08-05
2025-09-12 17:27:43,605 - db_helper - INFO - fetch_expense_summary_by_month called
2025-09-12 17:28:10,340 - db_helper - INFO - fetch_expense_summary_by_month called
2025-09-12 17:30:30,625 - db_helper - INFO - fetch_expense_summary_by_month called
2025-09-12 17:31:23,655 - db_helper - INFO - fetch_expense_summary_by_month called
2025-09-12 17:31:31,942 - db_helper - INFO - fetch_expense_summary_by_month called
2025-09-12 17:35:19,395 - db_helper - INFO - fetch_expense_summary_by_month called
2025-09-12 17:35:26,779 - db_helper - INFO - fetch_expense_summary_by_month called
2025-09-12 17:40:01,786 - db_helper - INFO - fetch_expense_summary_by_month called
2025-09-12 17:41:38,719 - db_helper - INFO - fetch_expense_summary_by_month called
2025-09-12 17:47:25,863 - db_helper - INFO - fetch_expense_for_date called with:2024-08-01
2025-09-12 17:47:32,773 - db_helper - INFO - fetch_expense_for_date called with:2024-08-01
2025-09-12 17:47:34,847 - db_helper - INFO - fetch_expense_summary_by_month called
2025-09-12 17:49:03,662 - db_helper - INFO - fetch_expense_for_date called with:2024-08-01
2025-09-12 17:49:08,007 - db_helper - INFO - fetch_expense_for_date called with:2024-08-01
2025-09-12 17:49:10,088 - db_helper - INFO - fetch_expense_summary_by_month called
2025-09-12 17:51:19,544 - db_helper - INFO - fetch_expense_for_date called with:2024-08-01
2025-09-12 17:51:22,926 - db_helper - INFO - fetch_expense_for_date called with:2024-08-01
2025-09-12 17:51:24,979 - db_helper - INFO - fetch_expense_summary_by_month called
2025-09-12 17:52:10,697 - db_helper - INFO - fetch_expense_for_date called with:2024-08-01
2025-09-12 17:52:14,019 - db_helper - INFO - fetch_expense_for_date called with:2024-08-01
2025-09-12 17:52:16,097 - db_helper - INFO - fetch_expense_summary_by_month called
2025-09-12 17:53:49,094 - db_helper - INFO - fetch_expense_for_date called with:2024-08-01
2025-09-12 17:53:52,460 - db_helper - INFO - fetch_expense_for_date called with:2024-08-01
2025-09-12 17:53:54,551 - db_helper - INFO - fetch_expense_summary_by_month called
2025-09-12 17:54:39,413 - db_helper - INFO - fetch_expense_for_date called with:2024-08-01
2025-09-12 17:54:42,694 - db_helper - INFO - fetch_expense_for_date called with:2024-08-01
2025-09-12 17:54:44,749 - db_helper - INFO - fetch_expense_summary_by_month called
2025-09-12 17:56:19,785 - db_helper - INFO - fetch_expense_for_date called with:2024-08-01
2025-09-12 17:56:23,249 - db_helper - INFO - fetch_expense_for_date called with:2024-08-01
2025-09-12 17:56:25,356 - db_helper - INFO - fetch_expense_summary_by_month called
2025-09-12 18:00:03,653 - db_helper - INFO - fetch_expense_for_date called with:2024-08-01
2025-09-12 18:00:07,539 - db_helper - INFO - fetch_expense_for_date called with:2024-08-01
2025-09-12 18:00:09,633 - db_helper - INFO - fetch_expense_summary_by_month called
2025-09-12 18:06:12,274 - db_helper - INFO - fetch_expense_for_date called with:2024-08-01
2025-09-12 18:06:20,328 - db_helper - INFO - fetch_expense_for_date called with:2024-08-01
2025-09-12 18:06:22,416 - db_helper - INFO - fetch_expense_summary called with start:2024-08-01, end:2024-08-05
2025-09-12 18:06:37,107 - db_helper - INFO - fetch_expense_for_date called with:2024-08-01
2025-09-12 18:06:39,175 - db_helper - INFO - fetch_expense_summary_by_month called
2025-09-13 11:57:44,839 - db_helper - INFO - fetch_expense_for_date called with:2024-08-01
2025-09-13 11:57:59,038 - db_helper - INFO - fetch_expense_for_date called with:2024-08-02
2025-09-13 11:58:08,545 - db_helper - INFO - fetch_expense_for_date called with:2024-08-08
2025-09-13 11:59:00,821 - db_helper - INFO - fetch_expense_for_date called with:2024-08-08
2025-09-13 11:59:02,935 - db_helper - INFO - delete_expense_for_date called with:2024-08-08
2025-09-13 11:59:02,960 - db_helper - INFO - insert_expense called with:(datetime.date(2024, 8, 8), 200.0, 'Entertainment', 'Watched Avengers')
2025-09-13 11:59:02,997 - db_helper - INFO - insert_expense called with:(datetime.date(2024, 8, 8), 300.0, 'Rent', 'Household')
2025-09-13 11:59:03,018 - db_helper - INFO - insert_expense called with:(datetime.date(2024, 8, 8), 20.0, 'Food', 'Eat Samosa')
2025-09-13 11:59:13,777 - db_helper - INFO - fetch_expense_for_date called with:2024-08-08
2025-09-13 11:59:15,890 - db_helper - INFO - fetch_expense_summary called with start:2024-08-01, end:2024-08-05
2025-09-13 11:59:38,390 - db_helper - INFO - fetch_expense_for_date called with:2024-08-08
2025-09-13 11:59:40,496 - db_helper - INFO - fetch_expense_summary_by_month called
2025-09-13 11:59:53,328 - db_helper - INFO - fetch_expense_for_date called with:2024-08-08
2025-09-13 11:59:56,810 - db_helper - INFO - fetch_expense_for_date called with:2024-08-07
2025-09-13 12:00:01,138 - db_helper - INFO - fetch_expense_for_date called with:2024-08-08
2025-09-13 12:01:10,019 - db_helper - INFO - fetch_expense_for_date called with:2024-08-09
2025-09-13 12:01:58,898 - db_helper - INFO - fetch_expense_for_date called with:2024-08-09
2025-09-13 12:02:00,981 - db_helper - INFO - delete_expense_for_date called with:2024-08-09
2025-09-13 12:02:00,997 - db_helper - INFO - insert_expense called with:(datetime.date(2024, 8, 9), 10.0, 'Food', 'Drunk Coffe')
2025-09-13 12:03:55,643 - db_helper - INFO - fetch_expense_for_date called with:2024-08-01
2025-09-13 12:04:04,968 - db_helper - INFO - fetch_expense_for_date called with:2024-08-02
2025-09-13 12:04:11,520 - db_helper - INFO - fetch_expense_for_date called with:2024-08-02
2025-09-13 12:04:13,591 - db_helper - INFO - fetch_expense_summary called with start:2024-08-01, end:2024-08-05
2025-09-13 12:04:31,369 - db_helper - INFO - fetch_expense_for_date called with:2024-08-02
2025-09-13 12:04:34,397 - db_helper - INFO - fetch_expense_for_date called with:2024-08-02
2025-09-13 12:04:36,117 - db_helper - INFO - fetch_expense_for_date called with:2024-08-02
2025-09-13 12:04:38,192 - db_helper - INFO - fetch_expense_summary called with start:2024-08-02, end:2024-08-08
2025-09-13 12:04:50,765 - db_helper - INFO - fetch_expense_for_date called with:2024-08-02
2025-09-13 12:04:52,831 - db_helper - INFO - fetch_expense_summary_by_month called
2025-09-13 12:05:06,764 - db_helper - INFO - fetch_expense_for_date called with:2024-08-10
2025-09-13 12:05:13,415 - db_helper - INFO - fetch_expense_for_date called with:2024-08-01
2025-09-13 12:05:53,766 - db_helper - INFO - fetch_expense_for_date called with:2024-08-02
2025-09-13 12:06:18,524 - db_helper - INFO - fetch_expense_for_date called with:2024-08-10
2025-09-13 12:07:07,248 - db_helper - INFO - fetch_expense_for_date called with:2024-08-10
2025-09-13 12:07:09,316 - db_helper - INFO - delete_expense_for_date called with:2024-08-10
2025-09-13 12:07:09,333 - db_helper - INFO - insert_expense called with:(datetime.date(2024, 8, 10), 100.0, 'Entertainment', 'watch Avengers')
2025-09-13 12:07:09,358 - db_helper - INFO - insert_expense called with:(datetime.date(2024, 8, 10), 20.0, 'Food', 'Eat momos')
2025-09-13 12:07:09,377 - db_helper - INFO - insert_expense called with:(datetime.date(2024, 8, 10), 10.0, 'Other', 'drink Coffe')
2025-09-13 12:07:32,398 - db_helper - INFO - fetch_expense_for_date called with:2024-08-09
2025-09-13 12:07:39,378 - db_helper - INFO - fetch_expense_for_date called with:2024-08-01
